Verdi>restart
*Verdi* Loading libsscore_vcs202012.so
FSDB Dumper for VCS, Release Verdi_R-2020.12-SP1-1, Linux x86_64/64bit, 04/20/2021
(C) 1996 - 2021 by Synopsys, Inc.
*Verdi* FSDB WARNING: The FSDB file already exists. Overwriting the FSDB file may crash the programs that are using this file.
*Verdi* : Create FSDB file '/home/kkh/AIDC/22.08.02_CORE_ENGINE/RTL/sim/output/inter.fsdb'
*Verdi* : Flush all FSDB Files at 0 ps.
*Verdi* : Enable RPC Server(16432)
*Verdi* : Flush all FSDB Files at 0 ps.
Chronologic VCS simulator copyright 1991-2020
Contains Synopsys proprietary information.
Compiler version R-2020.12-SP1-1_Full64; Runtime version R-2020.12-SP1-1_Full64;  Sep  6 22:33 2022
Verdi>run
Environmnet setup
Run
[ DRIVER ] ----- Reset Started ----- 
[ DRIVER ] ----- Reset Started ----- 
[ DRIVER ] ----- Reset Started ----- 
[ DRIVER ] ----- Reset Started ----- 
1
[ DRIVER ] ----- Reset Ended -----
[ DRIVER ] ----- Reset Ended -----
[ DRIVER ] ----- Reset Ended -----
[ DRIVER ] ----- Reset Ended -----
env_test_start
-----------------------------------------------------------------

LINE_number = 397

                 160	0 - FCL_ffd3fff5ffddffe8
                 160	1 - FCL_00190005000b0006
                 160	2 - FCL_0022000d0008ffde
                 160	3 - FCL_0073ffe200130015
                 160	4 - FCL_ffdd0004000cfff6
                 160	5 - FCL_ffdffff90008ffda
                 160	6 - FCL_000ffffafff7ffee
                 160	7 - FCL_ffe4ffdbfff9000b
                 160	8 - FCL_000000000003ffe2
                 160	9 - FCL_ffecfff10015ffee
                 160	10 - FCL_00010004ffd10021
                 160	11 - FCL_fff1001c000cfff9
                 160	12 - FCL_ffebffe6000e0002
                 160	13 - FCL_ffe6ffe50045fffd
                 160	14 - FCL_0014fff70026000a
                 160	15 - FCL_000300030016fff3

LINE_number = 398

                 160	0 - FCL_ffdf0018ffe80008
                 160	1 - FCL_fff40000000affe7
                 160	2 - FCL_0017fff7ffe0fff4
                 160	3 - FCL_00070020001f001e
                 160	4 - FCL_0009fff2ffd20025
                 160	5 - FCL_ffe6000d0015ffe1
                 160	6 - FCL_fff10000fff9fffc
                 160	7 - FCL_0016000efffcffdf
                 160	8 - FCL_00190019fffc0009
                 160	9 - FCL_000bffcafffb0016
                 160	10 - FCL_fffbffe50010ffb9
                 160	11 - FCL_fffaffe70010fff0
                 160	12 - FCL_0008fff3fff4ffea
                 160	13 - FCL_000b001b000bffff
                 160	14 - FCL_000e0005fffaffe5
                 160	15 - FCL_0004000bfff30002

LINE_number = 399

                 160	0 - FCL_001b0003fff70036
                 160	1 - FCL_fffdfff600060003
                 160	2 - FCL_ffec000d001d0010
                 160	3 - FCL_000c001dfffdffe1
                 160	4 - FCL_fffb0037fff8ffd4
                 160	5 - FCL_ffebffdf000fffdd
                 160	6 - FCL_000cffd5fff1ffd3
                 160	7 - FCL_0007fffffffb0013
                 160	8 - FCL_004400060005ffd7
                 160	9 - FCL_fffc000800120003
                 160	10 - FCL_000afff10001fff7
                 160	11 - FCL_000dfff5001bfff4
                 160	12 - FCL_fff6fffd0001fff5
                 160	13 - FCL_ffff00270017ffef
                 160	14 - FCL_000bfff5ffc50002
                 160	15 - FCL_0009fffdfffe0010

LINE_number = 400

                 160	0 - FCL_000900200010000b
                 160	1 - FCL_0027000a001d0009
                 160	2 - FCL_ffeb0006ffe50000
                 160	3 - FCL_ffe9ff8200270035
                 160	4 - FCL_fff8fff30000002e
                 160	5 - FCL_ffe7fff3fffa0010
                 160	6 - FCL_fff50031000dfff2
                 160	7 - FCL_000cffe2fff2fff6
                 160	8 - FCL_00110015ffe9000e
                 160	9 - FCL_ffef0005fff8ffdc
                 160	10 - FCL_fff60006fff70010
                 160	11 - FCL_fffe000d000f001a
                 160	12 - FCL_fffb000b0020000e
                 160	13 - FCL_fff7000afffbffe9
                 160	14 - FCL_fff4fffa000c0000
                 160	15 - FCL_fff9000d0004000e

LINE_number = 401

                 160	0 - FCL_003bffedffea0021
                 160	1 - FCL_0019fff5ffe30014
                 160	2 - FCL_00160003000e0004
                 160	3 - FCL_ffeefff1fffb0028
                 160	4 - FCL_000300040014fff8
                 160	5 - FCL_001e000900060010
                 160	6 - FCL_0006fffe0021fff3
                 160	7 - FCL_0003ffe8fff90023
                 160	8 - FCL_ffe9ffe7000b0033
                 160	9 - FCL_fff60021ffefffec
                 160	10 - FCL_0008000dffd60017
                 160	11 - FCL_0016fff00000fffd
                 160	12 - FCL_00000002fffa0024
                 160	13 - FCL_fffbfff4fffcffde
                 160	14 - FCL_0007fff80011fff5
                 160	15 - FCL_fff4000cffc8ffd2

LINE_number = 402

                 160	0 - FCL_0018001b0015ffe8
                 160	1 - FCL_fff7fffb000dffde
                 160	2 - FCL_0002000efffdffef
                 160	3 - FCL_000dfff90020ffe5
                 160	4 - FCL_fff2fff4fff6ffff
                 160	5 - FCL_ffe5002dffffffe1
                 160	6 - FCL_ffc3fff6ffe2ffff
                 160	7 - FCL_fffc0012fff90001
                 160	8 - FCL_ffc400230012fffe
                 160	9 - FCL_000600020005fff8
                 160	10 - FCL_fffbfffbffc30011
                 160	11 - FCL_ffd7fff5fff2ffe4
                 160	12 - FCL_001bfff4fff40023
                 160	13 - FCL_ffca0013fffaffed
                 160	14 - FCL_ffc200190009fffd
                 160	15 - FCL_ffddfffaffe4ffeb

LINE_number = 403

                 160	0 - FCL_fff9ffe90010ffcb
                 160	1 - FCL_0014fff4ffe3000a
                 160	2 - FCL_002800120024ffd0
                 160	3 - FCL_000cfffc000dffff
                 160	4 - FCL_fff5ffefffec000c
                 160	5 - FCL_ffe2fffcffdffff8
                 160	6 - FCL_000400150014fff7
                 160	7 - FCL_fff9001300050005
                 160	8 - FCL_fff000040012ffff
                 160	9 - FCL_000efff4001bffcd
                 160	10 - FCL_ffbe000c000bfff5
                 160	11 - FCL_00110022ffeeffe4
                 160	12 - FCL_ffefffdd0007000a
                 160	13 - FCL_ffe70009ffefffff
                 160	14 - FCL_0003fffcffe5ffde
                 160	15 - FCL_ffecffd80002001e

LINE_number = 404

                 160	0 - FCL_fff70000fff7fff2
                 160	1 - FCL_0002fff7ffc6ffec
                 160	2 - FCL_001afff6ffca0022
                 160	3 - FCL_fff9000500000006
                 160	4 - FCL_fffa0025ffc60031
                 160	5 - FCL_fff000000000fffe
                 160	6 - FCL_ffb6fff2fff2fff4
                 160	7 - FCL_fff5ffcf0000fffa
                 160	8 - FCL_0002ffd6ffff000c
                 160	9 - FCL_00010013000d0002
                 160	10 - FCL_0016fff40017ffd4
                 160	11 - FCL_ffe0ffed002b0037
                 160	12 - FCL_00050035ffe5002b
                 160	13 - FCL_ffff001900070011
                 160	14 - FCL_0003fff4ffeb0027
                 160	15 - FCL_0012fff80018ffd0

LINE_number = 405

                 160	0 - FCL_003700040003000d
                 160	1 - FCL_fff80000ffd9ffff
                 160	2 - FCL_00110025fffdfffb
                 160	3 - FCL_0012fffcfff6003b
                 160	4 - FCL_fff4fff7ffed0007
                 160	5 - FCL_fff20028000cffdd
                 160	6 - FCL_fff8ffdb000affc3
                 160	7 - FCL_00300030fff50013
                 160	8 - FCL_ffe1ffd2001bfff6
                 160	9 - FCL_ffe900060021fff6
                 160	10 - FCL_fffdfff60001ffea
                 160	11 - FCL_00050014fff40007
                 160	12 - FCL_0010fff9000efffd
                 160	13 - FCL_00120020ffdeffec
                 160	14 - FCL_fff9ffe7ffff0006
                 160	15 - FCL_00120044ffd0ffed

LINE_number = 406

                 160	0 - FCL_000e002dfffeffcc
                 160	1 - FCL_fff1ffe800020017
                 160	2 - FCL_0002001dffdd0004
                 160	3 - FCL_0006fff3ffdaffe5
                 160	4 - FCL_00030010fff2001d
                 160	5 - FCL_003a0006fffe0028
                 160	6 - FCL_00280000fff40024
                 160	7 - FCL_fffaff9c0008ffd6
                 160	8 - FCL_0000001cffed002e
                 160	9 - FCL_fff4ffcffffcffdc
                 160	10 - FCL_001400140006fff1
                 160	11 - FCL_000dfff0fffa0036
                 160	12 - FCL_0000002affe5fff0
                 160	13 - FCL_0000ffeefff0fff9
                 160	14 - FCL_ffcdfff6fff90015
                 160	15 - FCL_fff500010009fff2

LINE_number = 407

                 160	0 - FCL_fffb000effec0000
                 160	1 - FCL_0012fff60004fffb
                 160	2 - FCL_ffebfff5ffde0019
                 160	3 - FCL_ffed000e00170017
                 160	4 - FCL_fff3fff2fff80008
                 160	5 - FCL_fff8ffee00170009
                 160	6 - FCL_00170004ffe7ffec
                 160	7 - FCL_ffeffffdffe8001c
                 160	8 - FCL_001a0005ffecfff8
                 160	9 - FCL_0037001c000a001d
                 160	10 - FCL_ffe10032ffeb0009
                 160	11 - FCL_0022ffedffe6ffcd
                 160	12 - FCL_ffeeffef000a000a
                 160	13 - FCL_000bffdfffff000b
                 160	14 - FCL_000000220015fffd
                 160	15 - FCL_fffd001afffa0020

LINE_number = 408

                 160	0 - FCL_ffe8fffa0014ffe1
                 160	1 - FCL_ffce000400100006
                 160	2 - FCL_0009ffebffef0001
                 160	3 - FCL_ffdf003b001f0001
                 160	4 - FCL_fffbffd0fff90030
                 160	5 - FCL_0003fff6000b0011
                 160	6 - FCL_001f0048fff7ffd8
                 160	7 - FCL_ffdd0022fffaffee
                 160	8 - FCL_0015000bffef0018
                 160	9 - FCL_0018000e00260003
                 160	10 - FCL_000efff7ffec0002
                 160	11 - FCL_fff60005ffe0000b
                 160	12 - FCL_ffd60007fff10002
                 160	13 - FCL_00100018fffbfffe
                 160	14 - FCL_0002fffd0004fffa
                 160	15 - FCL_ffe800220002001b

LINE_number = 409

                 160	0 - FCL_ffbfffed0015000b
                 160	1 - FCL_ffe70027003a000f
                 160	2 - FCL_0032000a00290027
                 160	3 - FCL_002a001fffeafff8
                 160	4 - FCL_0054000f002ffff6
                 160	5 - FCL_002cfff3fff20020
                 160	6 - FCL_0011fff6fff5000f
                 160	7 - FCL_001c002e0002ffe6
                 160	8 - FCL_fff1004e000c0053
                 160	9 - FCL_fff2000b0002fff8
                 160	10 - FCL_fff000070042ffdc
                 160	11 - FCL_fffafff5fffa000e
                 160	12 - FCL_000c0010fffe000b
                 160	13 - FCL_0000fff60001ffe5
                 160	14 - FCL_fffe002bffe20004
                 160	15 - FCL_0003fffbfff80004

LINE_number = 410

                 160	0 - FCL_00120001ffe9ffe5
                 160	1 - FCL_ffe0fff6fff20017
                 160	2 - FCL_000a000bffea000e
                 160	3 - FCL_ffcffffe00010001
                 160	4 - FCL_0018fff9fffa0005
                 160	5 - FCL_002400010004fff9
                 160	6 - FCL_0028fff8ffdafffb
                 160	7 - FCL_0031ffbc0001000d
                 160	8 - FCL_0006ffe5000dffbf
                 160	9 - FCL_fff6001effe7fff3
                 160	10 - FCL_0004fff6fff30014
                 160	11 - FCL_000efff1003a0004
                 160	12 - FCL_00180004ffd1ffe2
                 160	13 - FCL_fffe0016ffed001b
                 160	14 - FCL_fff10013fffb0017
                 160	15 - FCL_fff9ffac0006ffe4

LINE_number = 411

                 160	0 - FCL_0001001000450010
                 160	1 - FCL_fffd00080010fff6
                 160	2 - FCL_ffc10009ffddffdd
                 160	3 - FCL_ffff00150031ffe3
                 160	4 - FCL_fffc0001ffe60020
                 160	5 - FCL_000000130009ffff
                 160	6 - FCL_ffe9fff6fffa0024
                 160	7 - FCL_000bfff6fff40013
                 160	8 - FCL_ffd7000b000c000d
                 160	9 - FCL_0022ffc80028ffde
                 160	10 - FCL_ffec0000fffe003d
                 160	11 - FCL_0016ffe40000ffe2
                 160	12 - FCL_ffd00019ffd8fff3
                 160	13 - FCL_0012001a000cffe8
                 160	14 - FCL_004dfff3fffafff1
                 160	15 - FCL_0022ffdb0001ffef

LINE_number = 412

                 160	0 - FCL_fff7fffc0017ffbe
                 160	1 - FCL_ffe9ffe8fffa0004
                 160	2 - FCL_00180012ffb0001e
                 160	3 - FCL_000a00120012001e
                 160	4 - FCL_ffedfffe00010030
                 160	5 - FCL_00010007ffde0023
                 160	6 - FCL_001efffe0002ffea
                 160	7 - FCL_fff8ffcfffd6ffd9
                 160	8 - FCL_fff9000800030017
                 160	9 - FCL_0009fff9ffe50006
                 160	10 - FCL_ffedffe4fffb0063
                 160	11 - FCL_0014ffedffdbfff0
                 160	12 - FCL_ffe10008fffbffd7
                 160	13 - FCL_002b0003001bfff4
                 160	14 - FCL_0000000affeffffc
                 160	15 - FCL_ffeefff90010001b

LINE_number = 413

                 160	0 - FCL_0018fff60009000c
                 160	1 - FCL_0010ffde00180003
                 160	2 - FCL_0009ffe40004fffe
                 160	3 - FCL_00010014ffe70001
                 160	4 - FCL_0012fffeffff0005
                 160	5 - FCL_0003ffdefffeffec
                 160	6 - FCL_fffafffffff10029
                 160	7 - FCL_0007ffef00090027
                 160	8 - FCL_fffd000bfff0000c
                 160	9 - FCL_002100010005ffed
                 160	10 - FCL_fffffff7fff2ffe5
                 160	11 - FCL_fffd0002ffe30014
                 160	12 - FCL_0003001effe3fff9
                 160	13 - FCL_0016000cffc9fff8
                 160	14 - FCL_ffe3001effd9ffee
                 160	15 - FCL_00230016ffee0014

LINE_number = 414

                 160	0 - FCL_fff5ffe7000e000a
                 160	1 - FCL_0008fffeffeb0050
                 160	2 - FCL_fffe00070000fff2
                 160	3 - FCL_fff2000affed0008
                 160	4 - FCL_fff8ffe800120018
                 160	5 - FCL_ffdf0003ffeb000e
                 160	6 - FCL_00250004000fffe7
                 160	7 - FCL_ffef0021ffde0012
                 160	8 - FCL_0022fff0ffedfff0
                 160	9 - FCL_fff5ffdb0004ffe5
                 160	10 - FCL_ffed000cffcf001f
                 160	11 - FCL_ffe20005ffecffe4
                 160	12 - FCL_fffb001100380009
                 160	13 - FCL_0013ffd1ffe8ffff
                 160	14 - FCL_fffbfffefffe0019
                 160	15 - FCL_ffff000efffb0023

LINE_number = 415

                 160	0 - FCL_0006fff9ffeffff8
                 160	1 - FCL_00000003fff6fff0
                 160	2 - FCL_0008ffe500150007
                 160	3 - FCL_ffebffee00100008
                 160	4 - FCL_fffc00240013ffe4
                 160	5 - FCL_fff0fff00018ffe4
                 160	6 - FCL_fff50012ffcbffcb
                 160	7 - FCL_ffedfffe0011ffed
                 160	8 - FCL_ffebffe40004fffc
                 160	9 - FCL_00260020ffe5ffdc
                 160	10 - FCL_ffe8ffd7fffdfff3
                 160	11 - FCL_00130001000a000b
                 160	12 - FCL_fff1fffafffd0015
                 160	13 - FCL_ffdbffe2ffd20011
                 160	14 - FCL_0007fff9fff50003
                 160	15 - FCL_ffe000030004fffd

LINE_number = 416

                 160	0 - FCL_0017fff50008001d
                 160	1 - FCL_00180008ffba0002
                 160	2 - FCL_ffec001400020005
                 160	3 - FCL_001200240005fff7
                 160	4 - FCL_00050023000effb8
                 160	5 - FCL_0015ffe1000dffee
                 160	6 - FCL_fffaffe7fffa000e
                 160	7 - FCL_00000013ffec000a
                 160	8 - FCL_fff5fff9ffe4000a
                 160	9 - FCL_ffdcffcffffc0001
                 160	10 - FCL_00010014000effed
                 160	11 - FCL_ffec0023000afff8
                 160	12 - FCL_ffc100140026ffef
                 160	13 - FCL_ffe90005fffe0001
                 160	14 - FCL_0023ffeb0002fff5
                 160	15 - FCL_0003fff7fff2000a

LINE_number = 417

                 160	0 - FCL_ffd60003000ffff3
                 160	1 - FCL_fff5fffffffbffe5
                 160	2 - FCL_0006fff3000ffff3
                 160	3 - FCL_ffedffe6fff8fff1
                 160	4 - FCL_002cfff8ffd60006
                 160	5 - FCL_fffffffb000bffe1
                 160	6 - FCL_000dfff20011fffe
                 160	7 - FCL_fff40004ffe9ffd7
                 160	8 - FCL_0012ffe1ffe9fffa
                 160	9 - FCL_0007ffd90022fff1
                 160	10 - FCL_fffc00260003ffd2
                 160	11 - FCL_0011fffeffffffe8
                 160	12 - FCL_0014ffeeffefffec
                 160	13 - FCL_fffefff10030000c
                 160	14 - FCL_fffe0027ffe20025
                 160	15 - FCL_fff600040009000d

LINE_number = 418

                 160	0 - FCL_ffd4001400380001
                 160	1 - FCL_002a0007ffffffff
                 160	2 - FCL_ffcdffd100120002
                 160	3 - FCL_000600090008fff6
                 160	4 - FCL_001600060000ffe0
                 160	5 - FCL_fff90006fffc0005
                 160	6 - FCL_0008fffefffc0012
                 160	7 - FCL_ffd6fff8fff40001
                 160	8 - FCL_0019fff9ffdd001a
                 160	9 - FCL_fff6fff6fff5ffe2
                 160	10 - FCL_fff0fff3000e0008
                 160	11 - FCL_ffeafff70011002d
                 160	12 - FCL_ffeffff700250024
                 160	13 - FCL_0030fffd00010002
                 160	14 - FCL_001400230003fffc
                 160	15 - FCL_000e00230024fffa

LINE_number = 419

                 160	0 - FCL_00190007ffb70004
                 160	1 - FCL_001efffafff4fff6
                 160	2 - FCL_ffebffe2fff3ffdd
                 160	3 - FCL_fff80005ffe5001c
                 160	4 - FCL_000fffff003ffffe
                 160	5 - FCL_0010fffa0008fffb
                 160	6 - FCL_ffeefff0fff2ffc2
                 160	7 - FCL_ffd6fff1fff1ffd9
                 160	8 - FCL_fff7fffdfff1000d
                 160	9 - FCL_ffe40006ffcc0017
                 160	10 - FCL_0029fff70000ffdf
                 160	11 - FCL_001ffffc00200018
                 160	12 - FCL_fff00028fff5ffdf
                 160	13 - FCL_ffed000affd3fff9
                 160	14 - FCL_0018002d00160003
                 160	15 - FCL_000200010014fffe

LINE_number = 420

                 160	0 - FCL_000c0002fff8fff3
                 160	1 - FCL_001800280026ffdf
                 160	2 - FCL_fff80009005c0026
                 160	3 - FCL_ffdc0005fffdfff8
                 160	4 - FCL_0005fff7ffef0003
                 160	5 - FCL_000e0004ffe7fff1
                 160	6 - FCL_003bfff80017ffce
                 160	7 - FCL_000a0024fffe001b
                 160	8 - FCL_0008ffe2fff6ffe9
                 160	9 - FCL_000f00080020ffdd
                 160	10 - FCL_fffb00150000000c
                 160	11 - FCL_00120005001dffe2
                 160	12 - FCL_0017002dfff8fffc
                 160	13 - FCL_ffd60002fffcfffc
                 160	14 - FCL_fffb000cffedffe8
                 160	15 - FCL_00240001fffffffc

LINE_number = 421

                 160	0 - FCL_ffc9fffa0005000b
                 160	1 - FCL_ffdf0013ffff0006
                 160	2 - FCL_000efff8fff0000f
                 160	3 - FCL_ffd60014fff0001a
                 160	4 - FCL_ffe30023fff9ffff
                 160	5 - FCL_ffe40007000cfff1
                 160	6 - FCL_ffea0002ffe8ffcd
                 160	7 - FCL_ffddfff1ffe10014
                 160	8 - FCL_fff6fff80001ffff
                 160	9 - FCL_0000002b001fffed
                 160	10 - FCL_fff5fff800170013
                 160	11 - FCL_001b00240017000b
                 160	12 - FCL_000c0026fff80008
                 160	13 - FCL_0011fff6000a001b
                 160	14 - FCL_fff1ffde000e0004
                 160	15 - FCL_ffd4ffac002cffab

LINE_number = 422

                 160	0 - FCL_00000003000a000c
                 160	1 - FCL_fffc000fffedffdd
                 160	2 - FCL_fff5ffc60004ffff
                 160	3 - FCL_0032fffb00140000
                 160	4 - FCL_fff3ffe90046fffb
                 160	5 - FCL_000f0013ffdcffed
                 160	6 - FCL_fff6000dfff8ffff
                 160	7 - FCL_0002fff5000e0008
                 160	8 - FCL_ffc1ffd1fff8fff3
                 160	9 - FCL_0005ffe100170007
                 160	10 - FCL_fffe00080002ffd6
                 160	11 - FCL_000dfff1000effd3
                 160	12 - FCL_ffec0016ffffffe6
                 160	13 - FCL_000dffea0005ffff
                 160	14 - FCL_0002fff40010fff2
                 160	15 - FCL_0006fffc00010000

LINE_number = 423

                 160	0 - FCL_0002000600480048
                 160	1 - FCL_ffef00020003ffff
                 160	2 - FCL_00050008ffc3ffad
                 160	3 - FCL_fffd0014ffa3001e
                 160	4 - FCL_000bfff90005ffff
                 160	5 - FCL_00170020001e0022
                 160	6 - FCL_00100001fff10009
                 160	7 - FCL_fffa00050006000c
                 160	8 - FCL_00250007000bfff1
                 160	9 - FCL_ffdfffc7fff5ffcf
                 160	10 - FCL_0011ffd000000004
                 160	11 - FCL_fff7000dfffe001c
                 160	12 - FCL_fffd0018ffecfff6
                 160	13 - FCL_fff6000b0049ffee
                 160	14 - FCL_ffe00008000bfffc
                 160	15 - FCL_000800050003ffee

LINE_number = 424

                 160	0 - FCL_00160017ffedffd7
                 160	1 - FCL_ffe8ffebffc00037
                 160	2 - FCL_002b001a000bffeb
                 160	3 - FCL_ffe3ffd2ffb20036
                 160	4 - FCL_ffd60022ffebffda
                 160	5 - FCL_0059ffdcffddffe1
                 160	6 - FCL_fffeffcaffd90017
                 160	7 - FCL_0016000effdd003e
                 160	8 - FCL_0009fff500100031
                 160	9 - FCL_002f001200000002
                 160	10 - FCL_ffe0ffebffdfffde
                 160	11 - FCL_000ffff80017fffd
                 160	12 - FCL_0030000bfff7fff5
                 160	13 - FCL_ffe300130003ffef
                 160	14 - FCL_000300010011fffa
                 160	15 - FCL_0003ffe90000ffe1

LINE_number = 425

                 160	0 - FCL_000effeb0011001c
                 160	1 - FCL_fff60014001e002c
                 160	2 - FCL_ffff0017ffbc000e
                 160	3 - FCL_fff1ffec000a0019
                 160	4 - FCL_ffbd000dfffc0008
                 160	5 - FCL_00410009000f0004
                 160	6 - FCL_00020012ffe30002
                 160	7 - FCL_fff50008ffe8002c
                 160	8 - FCL_001000090009ffd9
                 160	9 - FCL_000000080011fff9
                 160	10 - FCL_000affe200210035
                 160	11 - FCL_0001fff3fff90003
                 160	12 - FCL_ffe00024ffff002e
                 160	13 - FCL_0002000cffe5fff2
                 160	14 - FCL_fff7fffa000dffc2
                 160	15 - FCL_fffd0011ffe5000e

LINE_number = 426

                 160	0 - FCL_ffc6fffa001f000a
                 160	1 - FCL_ffebfffe001f002e
                 160	2 - FCL_ffe0fffefffaffe0
                 160	3 - FCL_0006ffe7000f000c
                 160	4 - FCL_0010ffe9000b0013
                 160	5 - FCL_ffeb00050009ffec
                 160	6 - FCL_001e00070013fff2
                 160	7 - FCL_fff6000800280023
                 160	8 - FCL_ffd7ffeaffe70042
                 160	9 - FCL_fff0001900120013
                 160	10 - FCL_fffefff4fff1fffd
                 160	11 - FCL_ffea001dfff2ffed
                 160	12 - FCL_ffff000200080010
                 160	13 - FCL_fff20007fffbffca
                 160	14 - FCL_0007ffeeffd6fff7
                 160	15 - FCL_fff60039fff10008

LINE_number = 427

                 160	0 - FCL_ffeb0007002fffe5
                 160	1 - FCL_ffe4ffe00012000b
                 160	2 - FCL_002cffe80038fff2
                 160	3 - FCL_0009fff0000e0013
                 160	4 - FCL_000dffd7000dfff6
                 160	5 - FCL_ffd20005ffea0000
                 160	6 - FCL_fffdffff001e0032
                 160	7 - FCL_0008fffd00280006
                 160	8 - FCL_0010fff2fff60007
                 160	9 - FCL_fff0002e001efffe
                 160	10 - FCL_0028fffb0011000f
                 160	11 - FCL_ffe60015ffec0012
                 160	12 - FCL_000afff60009ffd7
                 160	13 - FCL_ffe1fff9fffafff6
                 160	14 - FCL_ffed0017001a0009
                 160	15 - FCL_ffe2ffff0010fffa

LINE_number = 428

                 160	0 - FCL_000c000e0017fff7
                 160	1 - FCL_000bfff90041ffbd
                 160	2 - FCL_ffcbfff60008fff6
                 160	3 - FCL_ffce000c0009fffc
                 160	4 - FCL_0014fffffff90001
                 160	5 - FCL_000300010003ffe9
                 160	6 - FCL_0011fff2fffa0041
                 160	7 - FCL_0003fffdffe30009
                 160	8 - FCL_0004fff60002ffe4
                 160	9 - FCL_0002002afffb000f
                 160	10 - FCL_00220005fffb0037
                 160	11 - FCL_0018fffcffed0015
                 160	12 - FCL_0006ffd6fff6ffb3
                 160	13 - FCL_00000012001f000c
                 160	14 - FCL_0001ffd50020fff7
                 160	15 - FCL_ffeefff2fff0004a

LINE_number = 429

                 160	0 - FCL_ffd8ffe4fffafff3
                 160	1 - FCL_0004fff6fffd0003
                 160	2 - FCL_ffe8ffeefff5ffc9
                 160	3 - FCL_fff4fffc00060028
                 160	4 - FCL_fffffff30012000c
                 160	5 - FCL_fffcfffe0001000b
                 160	6 - FCL_000f00010013ffdb
                 160	7 - FCL_0005fff10001ffe4
                 160	8 - FCL_0013fffb0003ffd1
                 160	9 - FCL_fffaffebfff40007
                 160	10 - FCL_fffefff20012ffc1
                 160	11 - FCL_fff0001300020015
                 160	12 - FCL_ffdfffc4ffe90003
                 160	13 - FCL_fffe00120025000e
                 160	14 - FCL_0021001efff0fff4
                 160	15 - FCL_000a0008002a001f

LINE_number = 430

                 160	0 - FCL_fff00006fffdfff5
                 160	1 - FCL_fff00031fffcffe2
                 160	2 - FCL_fffe0007ffff001c
                 160	3 - FCL_000afff2fffc000d
                 160	4 - FCL_ffedffe3fff2ffc9
                 160	5 - FCL_000fffe2ffc9fff1
                 160	6 - FCL_0000fffafffc0004
                 160	7 - FCL_fff7fffc000a0017
                 160	8 - FCL_ffee001effe60009
                 160	9 - FCL_0000003a0006fffb
                 160	10 - FCL_000ffffb002d002b
                 160	11 - FCL_ffd7fff4ffed0010
                 160	12 - FCL_fff9ffea000dffee
                 160	13 - FCL_00200020000b0026
                 160	14 - FCL_000efff3ffef0003
                 160	15 - FCL_fffffff7ffd80013

LINE_number = 431

                 160	0 - FCL_001efffc00380015
                 160	1 - FCL_ffff001500060000
                 160	2 - FCL_0009ffee0007ffc9
                 160	3 - FCL_fff6ffec0020ffdc
                 160	4 - FCL_000dfffe00010002
                 160	5 - FCL_0023001cffec0013
                 160	6 - FCL_fff5001e0031000a
                 160	7 - FCL_00030019000bffeb
                 160	8 - FCL_fffafff20013fff1
                 160	9 - FCL_fffefff6fff4002e
                 160	10 - FCL_fff7001bffedfffc
                 160	11 - FCL_0006000cfffeffef
                 160	12 - FCL_000bfffb0007000a
                 160	13 - FCL_fff2ffd3001dfffd
                 160	14 - FCL_ffef0001001a0004
                 160	15 - FCL_fffb0003ffeffffb

LINE_number = 432

                 160	0 - FCL_0004fffbffe00011
                 160	1 - FCL_ffed00030002fff6
                 160	2 - FCL_fffbffef000a0004
                 160	3 - FCL_fff70001fff9ffd1
                 160	4 - FCL_000e000a0006fff3
                 160	5 - FCL_ffe9ffe2fff8ffeb
                 160	6 - FCL_00070005fff70000
                 160	7 - FCL_000b000a00090025
                 160	8 - FCL_fff2000a000fffee
                 160	9 - FCL_0021000b001c0031
                 160	10 - FCL_000cfff3000a0014
                 160	11 - FCL_000efff8ffe0000c
                 160	12 - FCL_0025000dfffb000b
                 160	13 - FCL_0002ffe00004fff3
                 160	14 - FCL_000efff2ffe00016
                 160	15 - FCL_000bffce0010ffe7

LINE_number = 433

                 160	0 - FCL_0006001100000011
                 160	1 - FCL_fff7ffee000effe5
                 160	2 - FCL_fffdffe00018000f
                 160	3 - FCL_fffefffb0005ffd2
                 160	4 - FCL_ffea001000090012
                 160	5 - FCL_ffc60001fffffff8
                 160	6 - FCL_002d0008ffdf0007
                 160	7 - FCL_0028ffe90018000c
                 160	8 - FCL_fff1ffe400110008
                 160	9 - FCL_fffeffdeffe30006
                 160	10 - FCL_000afff3ffceffff
                 160	11 - FCL_fff3001800040019
                 160	12 - FCL_0007ffed0003000a
                 160	13 - FCL_fff8fff8fff60013
                 160	14 - FCL_ffedffe6ffe3ffe4
                 160	15 - FCL_00090007000c0023

LINE_number = 434

                 160	0 - FCL_fffe0007fff7001b
                 160	1 - FCL_fffa0001ffe5ffef
                 160	2 - FCL_ffef0007fff80002
                 160	3 - FCL_ffd9ffe4fffeffe8
                 160	4 - FCL_fffafffb0008ffe9
                 160	5 - FCL_0043fffffff7000d
                 160	6 - FCL_ffe2fffd0000ffe7
                 160	7 - FCL_ffec003600010004
                 160	8 - FCL_fff1fffb0007fff0
                 160	9 - FCL_ffeffffbfffa000c
                 160	10 - FCL_fffe0014002b0004
                 160	11 - FCL_0027000d0011ffdf
                 160	12 - FCL_ffe5000f0002fff4
                 160	13 - FCL_ffeefff5000dfff5
                 160	14 - FCL_000f000afff80008
                 160	15 - FCL_fff9000800120024

LINE_number = 435

                 160	0 - FCL_0003fff1ffe3fff8
                 160	1 - FCL_0009fffb00260000
                 160	2 - FCL_fff2fff0fff90013
                 160	3 - FCL_0006fff9ffff0007
                 160	4 - FCL_fffbffe600220008
                 160	5 - FCL_0038ffeaffff0006
                 160	6 - FCL_0014fffeffff0007
                 160	7 - FCL_ffe90004fff8fffc
                 160	8 - FCL_000900070004fff2
                 160	9 - FCL_ffec0032003c0006
                 160	10 - FCL_001c0002000e0007
                 160	11 - FCL_fffcfff6001ffffa
                 160	12 - FCL_ffe4002f00040011
                 160	13 - FCL_0000000100190010
                 160	14 - FCL_000d001300160024
                 160	15 - FCL_000a0003fff10012

LINE_number = 436

                 160	0 - FCL_fff6000b00000026
                 160	1 - FCL_001c000e000e000a
                 160	2 - FCL_0004fffb0026000e
                 160	3 - FCL_fff3fff500010001
                 160	4 - FCL_ffd6001200270007
                 160	5 - FCL_fffdfffa0006fffc
                 160	6 - FCL_0026fff0ffff002c
                 160	7 - FCL_ffe7ffe900240001
                 160	8 - FCL_00150034ffee0010
                 160	9 - FCL_000bffe9fff50017
                 160	10 - FCL_ffde000e00060005
                 160	11 - FCL_fffb000ffff40008
                 160	12 - FCL_ffe7fff8000afff7
                 160	13 - FCL_000500020001000a
                 160	14 - FCL_0002ffe5000b0015
                 160	15 - FCL_00030001ffe30024

LINE_number = 437

                 160	0 - FCL_000ffff8000a0008
                 160	1 - FCL_fff5ffed0048000c
                 160	2 - FCL_000dfff6000cffda
                 160	3 - FCL_ffde0010ffe9ffcb
                 160	4 - FCL_001f0010fffb0016
                 160	5 - FCL_0030ffeafffd005f
                 160	6 - FCL_ffe60004ffe9000c
                 160	7 - FCL_ffe7fff8002b000a
                 160	8 - FCL_ffed001000100013
                 160	9 - FCL_0001000fffec0002
                 160	10 - FCL_0015000fffef0037
                 160	11 - FCL_0009ffe2fff8ffe6
                 160	12 - FCL_fffc002bffe3fff3
                 160	13 - FCL_ffff00050009000c
                 160	14 - FCL_0002ffe2fff00028
                 160	15 - FCL_fff50001000cffd8

LINE_number = 438

                 160	0 - FCL_0016fff6fffe0016
                 160	1 - FCL_0004001400140001
                 160	2 - FCL_ffeffff8005cfff4
                 160	3 - FCL_fff60008000b0009
                 160	4 - FCL_000fffea000b0026
                 160	5 - FCL_ffcffff20023fffc
                 160	6 - FCL_ffd80006000b000c
                 160	7 - FCL_fff7003800170015
                 160	8 - FCL_00190014001bffe8
                 160	9 - FCL_001b0014fff5ffea
                 160	10 - FCL_fff5000cfff1fff1
                 160	11 - FCL_fff3fffefff8ffef
                 160	12 - FCL_0003000b0012000e
                 160	13 - FCL_001100110007ffe7
                 160	14 - FCL_003f000200150013
                 160	15 - FCL_fff30010001ffff8

LINE_number = 439

                 160	0 - FCL_ffed000dffd40029
                 160	1 - FCL_fff2fff6fff3000b
                 160	2 - FCL_0011002a00180050
                 160	3 - FCL_0007fffe0011ffd6
                 160	4 - FCL_000affd9fff30009
                 160	5 - FCL_ffcdffbe00140011
                 160	6 - FCL_ffedffe1ffee0019
                 160	7 - FCL_000000010010fffd
                 160	8 - FCL_ffec0008ffe10010
                 160	9 - FCL_ffd70029fff10029
                 160	10 - FCL_002bffe9fff0fff4
                 160	11 - FCL_000f000500180017
                 160	12 - FCL_00050001fff70015
                 160	13 - FCL_00160025ffc80017
                 160	14 - FCL_ffdafff9ffff001a
                 160	15 - FCL_001effe8ffe70001

LINE_number = 440

                 160	0 - FCL_ffd9000afff9ffc9
                 160	1 - FCL_006f0011004bffcb
                 160	2 - FCL_000f001100010005
                 160	3 - FCL_fff800140023ffe0
                 160	4 - FCL_0015000b0011fff3
                 160	5 - FCL_ffda000afffd001c
                 160	6 - FCL_fffeffc40001000a
                 160	7 - FCL_00150002ffe90014
                 160	8 - FCL_fff0fffc00050005
                 160	9 - FCL_ffe6000bffd4fff3
                 160	10 - FCL_000b000a0031ffea
                 160	11 - FCL_ffeb0005000ffff4
                 160	12 - FCL_ffc40006ffeb0006
                 160	13 - FCL_0033ffeffff80007
                 160	14 - FCL_002600160000ffe8
                 160	15 - FCL_ffffffd3fff40018

LINE_number = 441

                 160	0 - FCL_001e0014fffdffe8
                 160	1 - FCL_0007000bffed001c
                 160	2 - FCL_0002000ffffaffed
                 160	3 - FCL_fff1ffdefff6ffed
                 160	4 - FCL_fffeffeefff9fffd
                 160	5 - FCL_ffdbffee0010ffee
                 160	6 - FCL_ffe6ffe90011fff3
                 160	7 - FCL_ffc1ffe9fff8001b
                 160	8 - FCL_00180000fff8fff8
                 160	9 - FCL_0001ffeaffd6000b
                 160	10 - FCL_fffc000affd8fff0
                 160	11 - FCL_003a0002fff1fff7
                 160	12 - FCL_0019ffc9000d0017
                 160	13 - FCL_fff5000a00170005
                 160	14 - FCL_000dfff40018000c
                 160	15 - FCL_fff1fff40014ffec

LINE_number = 442

                 160	0 - FCL_0038fff6ffbf0004
                 160	1 - FCL_00200015002fffcc
                 160	2 - FCL_0019fffb0000ffee
                 160	3 - FCL_fff7fff5ffe9000f
                 160	4 - FCL_ffe500090003fff9
                 160	5 - FCL_fff6fff700060008
                 160	6 - FCL_000bfff9001f0052
                 160	7 - FCL_0003ffce0006fffa
                 160	8 - FCL_003b001800040044
                 160	9 - FCL_0000ffdf001b000f
                 160	10 - FCL_0002001afffeffec
                 160	11 - FCL_002f0003000d000b
                 160	12 - FCL_000d0016fffc0042
                 160	13 - FCL_00260006fffa001c
                 160	14 - FCL_0009fff0fff9fff5
                 160	15 - FCL_0010ffebffe9000c

LINE_number = 443

                 160	0 - FCL_000d000a001d000b
                 160	1 - FCL_0010fffcffe0ffe9
                 160	2 - FCL_0005ffe1ffff002c
                 160	3 - FCL_fff0000affff0013
                 160	4 - FCL_0000000800010002
                 160	5 - FCL_0046001affeefff8
                 160	6 - FCL_ffe5fff7000dffe7
                 160	7 - FCL_001efff3001a0015
                 160	8 - FCL_ffef00020018fffa
                 160	9 - FCL_fffa0023ff9a000b
                 160	10 - FCL_fffc000cfffdfffa
                 160	11 - FCL_001900020014000b
                 160	12 - FCL_0019ffd9001a001e
                 160	13 - FCL_001a000e0005000e
                 160	14 - FCL_fffd000bfff3ffec
                 160	15 - FCL_ffff0035000e0004

LINE_number = 444

                 160	0 - FCL_fffdffdc0010ffff
                 160	1 - FCL_fff60010ffddfff1
                 160	2 - FCL_001effff0012000a
                 160	3 - FCL_fff0000afffb0000
                 160	4 - FCL_fff1ffeefffd002c
                 160	5 - FCL_ffeafff4fffc000f
                 160	6 - FCL_ffcf000e000affab
                 160	7 - FCL_fffdffecfffd0008
                 160	8 - FCL_fffbffe4fff10002
                 160	9 - FCL_fffdfffa0017ffd1
                 160	10 - FCL_001f00130005ffcb
                 160	11 - FCL_fff4ffec0003ffd1
                 160	12 - FCL_0007ffe30008000e
                 160	13 - FCL_ffe6fff9ffe40014
                 160	14 - FCL_fffd0023002afff5
                 160	15 - FCL_000c000e0005ffbb

LINE_number = 445

                 160	0 - FCL_0016ffedfff7fff5
                 160	1 - FCL_00100033ffe4fffb
                 160	2 - FCL_ffe9000bfff20015
                 160	3 - FCL_ffebfff40017000f
                 160	4 - FCL_fff7fff000090005
                 160	5 - FCL_00000001fff60003
                 160	6 - FCL_fffeffeefff9001e
                 160	7 - FCL_001100160010000d
                 160	8 - FCL_0007fff800040026
                 160	9 - FCL_0011ffef00290008
                 160	10 - FCL_0014fff8001dffff
                 160	11 - FCL_0006ffd2000c000c
                 160	12 - FCL_00170010ffe40007
                 160	13 - FCL_00180022fffc0002
                 160	14 - FCL_fffdfff7ffe6ffee
                 160	15 - FCL_00310047002effff

LINE_number = 446

                 160	0 - FCL_000bffd2fffb0019
                 160	1 - FCL_0026fff4ffdf0001
                 160	2 - FCL_fff5ffeeffeb0013
                 160	3 - FCL_ffedffe8ffed0000
                 160	4 - FCL_fff3ffe90012fffb
                 160	5 - FCL_005dfffb001bfffa
                 160	6 - FCL_fffd000a000d0000
                 160	7 - FCL_001affd1fff9fff4
                 160	8 - FCL_0010000700100008
                 160	9 - FCL_fff9ffbd00230033
                 160	10 - FCL_0004ffed0000002b
                 160	11 - FCL_ffef0019fff8001d
                 160	12 - FCL_fff10055ffe7000e
                 160	13 - FCL_fff80001ffeb0000
                 160	14 - FCL_ffbcfff4fffe0014
                 160	15 - FCL_0002000affedffe0

LINE_number = 447

                 160	0 - FCL_fffb0001001affe7
                 160	1 - FCL_0003fff10010fffb
                 160	2 - FCL_000cfff7fffa0000
                 160	3 - FCL_002a00040012002e
                 160	4 - FCL_000f0009000f0015
                 160	5 - FCL_0049004bffe6002f
                 160	6 - FCL_fffd00110037001b
                 160	7 - FCL_fffa0009fffb0018
                 160	8 - FCL_fffafff4fffafffc
                 160	9 - FCL_fffdffd500080008
                 160	10 - FCL_ffd8fffb000affff
                 160	11 - FCL_0000fffdfff5fff3
                 160	12 - FCL_ffef0006fff8ffe8
                 160	13 - FCL_0004fffe0012000b
                 160	14 - FCL_0028000c00220002
                 160	15 - FCL_fff3000000050002

LINE_number = 448

                 160	0 - FCL_fff9ffeefffeffcf
                 160	1 - FCL_fffefffaffee0006
                 160	2 - FCL_002affe80001fff8
                 160	3 - FCL_0016fff8ffe80001
                 160	4 - FCL_0010ffdaffe5ffeb
                 160	5 - FCL_ffec0048000afff6
                 160	6 - FCL_fff70018000c000f
                 160	7 - FCL_ffe800100004fff1
                 160	8 - FCL_fff2fff00008ffc6
                 160	9 - FCL_0001000ffffcffee
                 160	10 - FCL_fffbfffb00150010
                 160	11 - FCL_00030016fff4fff3
                 160	12 - FCL_0007ffdf001c000e
                 160	13 - FCL_ffd8ffeeffff0023
                 160	14 - FCL_0008fff20000000b
                 160	15 - FCL_fff5003d00050035

LINE_number = 449

                 160	0 - FCL_0009fff80000ffee
                 160	1 - FCL_000cffd20025ffdd
                 160	2 - FCL_ffd8fffa0043000d
                 160	3 - FCL_fffd0010ffcefffe
                 160	4 - FCL_001c000c0000000e
                 160	5 - FCL_fffb000100010016
                 160	6 - FCL_fffc000affe10008
                 160	7 - FCL_001700090003fff1
                 160	8 - FCL_00100030001bffe2
                 160	9 - FCL_fff70024001b0005
                 160	10 - FCL_001b002200270029
                 160	11 - FCL_ffdbfffa000bfffe
                 160	12 - FCL_ffec002200110002
                 160	13 - FCL_0025000dffe20002
                 160	14 - FCL_0017fff5000bffd7
                 160	15 - FCL_001afffbfff60008

LINE_number = 450

                 160	0 - FCL_ffd2fffffff1fff8
                 160	1 - FCL_0015fff2ffec0023
                 160	2 - FCL_fff3fff100000020
                 160	3 - FCL_000affdd001c001f
                 160	4 - FCL_000bfffdfffc0009
                 160	5 - FCL_000c0012fffa0005
                 160	6 - FCL_000ffff700160016
                 160	7 - FCL_0004fffcfff7fffd
                 160	8 - FCL_ffc300120003ffe2
                 160	9 - FCL_ffed000b0004000d
                 160	10 - FCL_0002ffe7ffe9fffc
                 160	11 - FCL_0011002600160014
                 160	12 - FCL_0005fff1001fffff
                 160	13 - FCL_ffed0000ffef000e
                 160	14 - FCL_0014000d000ffff7
                 160	15 - FCL_ffe100160024fffa

LINE_number = 451

                 160	0 - FCL_ffecfff600320008
                 160	1 - FCL_ffed0030000cfffc
                 160	2 - FCL_fff10018ffdf000e
                 160	3 - FCL_fff6fff4fff5fffe
                 160	4 - FCL_00140008ffe6000b
                 160	5 - FCL_ffedfffe0017ffe8
                 160	6 - FCL_0025ffea00080008
                 160	7 - FCL_000bfffcffc30007
                 160	8 - FCL_002cfffbfff50003
                 160	9 - FCL_ffdcfff0fff00007
                 160	10 - FCL_000b00040009000e
                 160	11 - FCL_ffe8ffb8fff00052
                 160	12 - FCL_000d0054ffe1ffee
                 160	13 - FCL_ffee000c0012fffb
                 160	14 - FCL_fffeffc60001001b
                 160	15 - FCL_ffe3000300010006

LINE_number = 452

                 160	0 - FCL_ffff0014000b0001
                 160	1 - FCL_001cffec0024000a
                 160	2 - FCL_ffed000700020000
                 160	3 - FCL_fff0fff8fffe0005
                 160	4 - FCL_0017fffeffec0001
                 160	5 - FCL_ffde0006fffcfff6
                 160	6 - FCL_0012000900090013
                 160	7 - FCL_fff300250012ffee
                 160	8 - FCL_fff70018000a0014
                 160	9 - FCL_00080011000b002b
                 160	10 - FCL_fff50006fffbfff5
                 160	11 - FCL_fff1ffebfffc0017
                 160	12 - FCL_00140019000c0033
                 160	13 - FCL_ffefffe3002cffed
                 160	14 - FCL_0004ffe7fffe000e
                 160	15 - FCL_fffbfff2fff8002d

LINE_number = 453

                 160	0 - FCL_000a0010ffe20012
                 160	1 - FCL_0009fff90025fff8
                 160	2 - FCL_0014ffee00060028
                 160	3 - FCL_0001ffdc0007ffd7
                 160	4 - FCL_0010ffea000dffec
                 160	5 - FCL_0013ffe5000c0050
                 160	6 - FCL_00090011fff40028
                 160	7 - FCL_ffd0fff30047ffbb
                 160	8 - FCL_000c000200050034
                 160	9 - FCL_0016fff8000d0015
                 160	10 - FCL_fff8fffdffe1fff6
                 160	11 - FCL_0003fff50013fff2
                 160	12 - FCL_0019ffefffed0014
                 160	13 - FCL_ffedffbf0005fff3
                 160	14 - FCL_0008ffd40037001a
                 160	15 - FCL_ffe60018000dfff2

LINE_number = 454

                 160	0 - FCL_000effd3fffb000c
                 160	1 - FCL_fffa000b004bffe2
                 160	2 - FCL_ffe4ffed00200007
                 160	3 - FCL_ffe3fff1ffef0012
                 160	4 - FCL_000800320016ffd8
                 160	5 - FCL_ffd500200033ffe4
                 160	6 - FCL_ffe2000500020013
                 160	7 - FCL_0009fff00004fffa
                 160	8 - FCL_ffff0008001e0009
                 160	9 - FCL_000b004c00200007
                 160	10 - FCL_fff00013ffe1ffcb
                 160	11 - FCL_00260006ffe9000d
                 160	12 - FCL_0012ffdaffdd0003
                 160	13 - FCL_ffdf0042001bffe5
                 160	14 - FCL_fffefff1fffeffc9
                 160	15 - FCL_0007fffdfffffff0

LINE_number = 455

                 160	0 - FCL_ffeafff8fff6ffbd
                 160	1 - FCL_ffebffe900110000
                 160	2 - FCL_00060013000dffdf
                 160	3 - FCL_ffecfffefff50026
                 160	4 - FCL_fffb0006fffaffe1
                 160	5 - FCL_0009ffcafffcffc4
                 160	6 - FCL_fffa000700200020
                 160	7 - FCL_000ffff600100051
                 160	8 - FCL_0020001100150021
                 160	9 - FCL_ffdbffffffed0005
                 160	10 - FCL_0026fff7ffdafff6
                 160	11 - FCL_ffe00010fff90013
                 160	12 - FCL_fff1fff1000cfff0
                 160	13 - FCL_000cfff3fff6ffe9
                 160	14 - FCL_ffe0ffedffe9ffc7
                 160	15 - FCL_002000040007ffe7

LINE_number = 456

                 160	0 - FCL_001900090016ffe9
                 160	1 - FCL_001ffffaffd7fff6
                 160	2 - FCL_fffafffc0001ffff
                 160	3 - FCL_0012ffe9fff1fff9
                 160	4 - FCL_0019ffe1fff3ffe5
                 160	5 - FCL_0005ffcbffeafffe
                 160	6 - FCL_ffeb001b0003fffe
                 160	7 - FCL_000fffe30020000d
                 160	8 - FCL_fff70019fff4003a
                 160	9 - FCL_ffee0000ffeeffe3
                 160	10 - FCL_fffbfffeffc60004
                 160	11 - FCL_fffafff6000affff
                 160	12 - FCL_000dfff0ffe9000e
                 160	13 - FCL_001d0019fff70001
                 160	14 - FCL_fff30016ffe30001
                 160	15 - FCL_0000002cfffcffb5

LINE_number = 457

                 160	0 - FCL_0009ffd8fffeffe1
                 160	1 - FCL_00110022ff9d0005
                 160	2 - FCL_ffd6fff10004fffd
                 160	3 - FCL_ffedfff900140015
                 160	4 - FCL_ffb1fffb0001fff7
                 160	5 - FCL_fff80016fffdffed
                 160	6 - FCL_fff50001000b000a
                 160	7 - FCL_ffe200050004001a
                 160	8 - FCL_ffeaffffffe9fffb
                 160	9 - FCL_000b0026ffef000a
                 160	10 - FCL_000cff9ffff8ffea
                 160	11 - FCL_0004fff6000efffe
                 160	12 - FCL_fffb00120010ffea
                 160	13 - FCL_001a0009ffe5fff9
                 160	14 - FCL_fff7ffd700130019
                 160	15 - FCL_0002ffe10013000b

LINE_number = 458

                 160	0 - FCL_ffdcffde0000000a
                 160	1 - FCL_ffd1fff9002c0004
                 160	2 - FCL_00390018000dfff2
                 160	3 - FCL_0004fff1ffa2000a
                 160	4 - FCL_0000000dffee0002
                 160	5 - FCL_ffe6ffe600060009
                 160	6 - FCL_fffefffe0034ffb4
                 160	7 - FCL_0026fffb0048fffe
                 160	8 - FCL_0035fff100090029
                 160	9 - FCL_001cfff6fffc0021
                 160	10 - FCL_fff3ffeaffcffff2
                 160	11 - FCL_ffe30003fffcffe6
                 160	12 - FCL_fff20021fffeffe6
                 160	13 - FCL_0025ffd9000b0001
                 160	14 - FCL_0005ffe50003fffe
                 160	15 - FCL_0000ffd6ffdefff5

LINE_number = 459

                 160	0 - FCL_ffd900010040fffa
                 160	1 - FCL_ffe8ffd00005ffff
                 160	2 - FCL_0023003dffe3000d
                 160	3 - FCL_0006ffebffda0003
                 160	4 - FCL_ffe90020ffdbffeb
                 160	5 - FCL_ffe3ffe8fff9000a
                 160	6 - FCL_001f0019ffe40029
                 160	7 - FCL_000a000effe3ffdb
                 160	8 - FCL_0005fffe000fffef
                 160	9 - FCL_0021ffedffeaffe1
                 160	10 - FCL_ffcafff2ffd8ffd1
                 160	11 - FCL_fff20011ffeeffe2
                 160	12 - FCL_0005fff30014ffea
                 160	13 - FCL_0016ffccffee0013
                 160	14 - FCL_fffbfff2ffffffe2
                 160	15 - FCL_ffcf0001fff4001a

LINE_number = 460

                 160	0 - FCL_000cffeffff8000b
                 160	1 - FCL_fffd0003ffc7fff5
                 160	2 - FCL_0031fffdffcdffdb
                 160	3 - FCL_0026ffed00060014
                 160	4 - FCL_ffda000cffd80028
                 160	5 - FCL_0003fff20041fffe
                 160	6 - FCL_ffb1ffefffe50006
                 160	7 - FCL_fff500080007000b
                 160	8 - FCL_ffebfffafffc000c
                 160	9 - FCL_0006ffcffff5001c
                 160	10 - FCL_ffe40005fffeffe9
                 160	11 - FCL_fff4ffef001afffa
                 160	12 - FCL_0007000cfffdffef
                 160	13 - FCL_002dfffdffc7fff8
                 160	14 - FCL_000000120004000d
                 160	15 - FCL_0001fffa0001001c

LINE_number = 461

                 160	0 - FCL_ffd40012000d000a
                 160	1 - FCL_ffe80006fff40000
                 160	2 - FCL_fff8002bfffa0016
                 160	3 - FCL_ffe1003bfff2ffc1
                 160	4 - FCL_fffcfff10007fff2
                 160	5 - FCL_ffeb0022ffe4fff3
                 160	6 - FCL_000400120010fffe
                 160	7 - FCL_00130040fffe0026
                 160	8 - FCL_fff3000dffd30009
                 160	9 - FCL_001cffe2fff20008
                 160	10 - FCL_0000000700550023
                 160	11 - FCL_fff7ffe9ffff0005
                 160	12 - FCL_000fffe3fffe000a
                 160	13 - FCL_0017002effddfff8
                 160	14 - FCL_ffd9000effeb0019
                 160	15 - FCL_fffefff2ffbafffe

LINE_number = 462

                 160	0 - FCL_ffe3fffd001a0006
                 160	1 - FCL_ffedffddffe7000b
                 160	2 - FCL_00160004fffdffee
                 160	3 - FCL_0009fff1ffe8fff7
                 160	4 - FCL_fff80022fff5ffef
                 160	5 - FCL_000b0009002a0007
                 160	6 - FCL_fff300030000fff1
                 160	7 - FCL_ffe2ffe1fff3fffa
                 160	8 - FCL_ffdefff8ffee0020
                 160	9 - FCL_00060031000e0008
                 160	10 - FCL_fffffffaffe30035
                 160	11 - FCL_0018000f0005fff3
                 160	12 - FCL_0014002affe4fff8
                 160	13 - FCL_fff80005fff40000
                 160	14 - FCL_fffcfff1ffe70001
                 160	15 - FCL_000cffd800230021

LINE_number = 463

                 160	0 - FCL_ffeb0015ffe9ffd3
                 160	1 - FCL_0010001ffffefff7
                 160	2 - FCL_000dfff1ffe30003
                 160	3 - FCL_0007ffdf000c000a
                 160	4 - FCL_ffec00270003001d
                 160	5 - FCL_00040004fff0ffe0
                 160	6 - FCL_000c000bffd1fff9
                 160	7 - FCL_00070001fffeffe1
                 160	8 - FCL_ffd8fff5fff4ffe3
                 160	9 - FCL_002500010018001c
                 160	10 - FCL_fff00014001afff7
                 160	11 - FCL_ffd8fffe0008fffa
                 160	12 - FCL_002ffffd0006fff9
                 160	13 - FCL_fff10026fff4ffdf
                 160	14 - FCL_0019ffdafff70002
                 160	15 - FCL_fff9fffbfff00004

LINE_number = 464

                 160	0 - FCL_ffebffdd000f0000
                 160	1 - FCL_ffde0008002d0007
                 160	2 - FCL_ffd7fff00012001f
                 160	3 - FCL_00140008ffedffea
                 160	4 - FCL_00110002ffff0000
                 160	5 - FCL_001d0036001effef
                 160	6 - FCL_001cfff2002ffff5
                 160	7 - FCL_ffff0009fffefff4
                 160	8 - FCL_fffcffeeffeaffc1
                 160	9 - FCL_003500000001fff3
                 160	10 - FCL_fff1fffa00080022
                 160	11 - FCL_000dffe0fffa0007
                 160	12 - FCL_ff9bfff4ffebfff8
                 160	13 - FCL_fffefff3fffefff7
                 160	14 - FCL_fffc0004fff40001
                 160	15 - FCL_000bfff6fff4fff1

LINE_number = 465

                 160	0 - FCL_ffed00140003001a
                 160	1 - FCL_ffe7ffc900180020
                 160	2 - FCL_ffedffefffcf0001
                 160	3 - FCL_fffeffffffe30006
                 160	4 - FCL_001bfff900100001
                 160	5 - FCL_002a000affdc000a
                 160	6 - FCL_ffeffffd001e0014
                 160	7 - FCL_00230024fff5ffde
                 160	8 - FCL_000fffd6ffeb0008
                 160	9 - FCL_fff3ffe9001bfff6
                 160	10 - FCL_00030006fffaffb0
                 160	11 - FCL_ffd6ffe1fff8fffd
                 160	12 - FCL_fff7fffffffbffa6
                 160	13 - FCL_fff3fffa0001001b
                 160	14 - FCL_0011ffecffe90029
                 160	15 - FCL_000efff5fff20001

LINE_number = 466

                 160	0 - FCL_fffffffbffae0003
                 160	1 - FCL_fff9fffbffee000c
                 160	2 - FCL_001efffdffe9ffff
                 160	3 - FCL_0016fff7001f0005
                 160	4 - FCL_000b00010006fff7
                 160	5 - FCL_ffddfffafff30000
                 160	6 - FCL_000b000dffdf0022
                 160	7 - FCL_ffdd0046ffdffffb
                 160	8 - FCL_001dfff9fff9ffed
                 160	9 - FCL_ffe8fff9000e002c
                 160	10 - FCL_0001fffe0023001a
                 160	11 - FCL_ffeefff2ffe6003c
                 160	12 - FCL_001affd9fffbffe0
                 160	13 - FCL_00030028000b000d
                 160	14 - FCL_00040022000e000b
                 160	15 - FCL_0007fff40001ffe4

LINE_number = 467

                 160	0 - FCL_0015ffdd000e0013
                 160	1 - FCL_000a00230012fff2
                 160	2 - FCL_0001ffebffedfff8
                 160	3 - FCL_ffdffff4fff20028
                 160	4 - FCL_0005001ffff6fff4
                 160	5 - FCL_ffecfff500040000
                 160	6 - FCL_ffea0010ffe90024
                 160	7 - FCL_ffedfff1fff40009
                 160	8 - FCL_0011ffedffe70000
                 160	9 - FCL_0005ffdc003dfffb
                 160	10 - FCL_ffd10001fff2ffd6
                 160	11 - FCL_0012ffe50025ffea
                 160	12 - FCL_000fffcbffebffe2
                 160	13 - FCL_00020011000dfff0
                 160	14 - FCL_0015ffe00016fff6
                 160	15 - FCL_0029ffdf0001ffe1

LINE_number = 468

                 160	0 - FCL_001a0019fffbffe7
                 160	1 - FCL_ffff0019fffb0025
                 160	2 - FCL_fff4ffe4002dfffb
                 160	3 - FCL_001200180003ffea
                 160	4 - FCL_001100010009ffdf
                 160	5 - FCL_001100020003000d
                 160	6 - FCL_001300080003000f
                 160	7 - FCL_000600200001ffe0
                 160	8 - FCL_000cfff5fffc0000
                 160	9 - FCL_fffd00110002fff4
                 160	10 - FCL_ffde0005ffebffe6
                 160	11 - FCL_0011002dffefffdf
                 160	12 - FCL_fff9ffd80019001e
                 160	13 - FCL_fff4fffcfffbfff0
                 160	14 - FCL_0002000cfffdfffa
                 160	15 - FCL_ffee0004fff70020

LINE_number = 469

                 160	0 - FCL_00080030fffaffea
                 160	1 - FCL_fff40000ffef0003
                 160	2 - FCL_ffdc001000050032
                 160	3 - FCL_000cfff3fffe003f
                 160	4 - FCL_001d0019fffcfff4
                 160	5 - FCL_001fffe30000fffd
                 160	6 - FCL_ffee000c0000fff1
                 160	7 - FCL_0008fff6ffe5fff3
                 160	8 - FCL_ffe6fffd0023fff2
                 160	9 - FCL_ffe7fff30009fff3
                 160	10 - FCL_00060005ffdffff3
                 160	11 - FCL_000a00100005ffff
                 160	12 - FCL_fff9ffee003e0002
                 160	13 - FCL_fffaffee000f0006
                 160	14 - FCL_fffc0016fffdffe4
                 160	15 - FCL_0001ffec00010012

LINE_number = 470

                 160	0 - FCL_fff200240003fffb
                 160	1 - FCL_fff9000200190028
                 160	2 - FCL_ffea001dffeffff4
                 160	3 - FCL_00120006000fffdb
                 160	4 - FCL_0033001bffab0019
                 160	5 - FCL_000100000008fff1
                 160	6 - FCL_fffffff5fffc000b
                 160	7 - FCL_000ffff6fff0fff4
                 160	8 - FCL_000600060019fff2
                 160	9 - FCL_fff0fff1ffb9fff0
                 160	10 - FCL_fff0000e001c0028
                 160	11 - FCL_000cfff50035001c
                 160	12 - FCL_0004ffa7ffeefff5
                 160	13 - FCL_ffffff9bfff90016
                 160	14 - FCL_fff2001f0011ffee
                 160	15 - FCL_fff6fff7ffeeffe7

LINE_number = 471

                 160	0 - FCL_ffe6fff0fff7fff4
                 160	1 - FCL_fffd0003fffffffe
                 160	2 - FCL_fff3000a000dfffc
                 160	3 - FCL_fff8001100040005
                 160	4 - FCL_0003ffdefffe0025
                 160	5 - FCL_ffe50042ffdcffcb
                 160	6 - FCL_fff7fff90019001a
                 160	7 - FCL_fff90001fffbffd2
                 160	8 - FCL_0035fffc0001001c
                 160	9 - FCL_000800000008ffd4
                 160	10 - FCL_fff9fff3003e001b
                 160	11 - FCL_000cfffb000f0018
                 160	12 - FCL_fffffffc00010006
                 160	13 - FCL_0021ffe2ffe2000f
                 160	14 - FCL_0047000900040002
                 160	15 - FCL_ffffffe700030002

LINE_number = 472

                 160	0 - FCL_ffc8fff800060003
                 160	1 - FCL_000c0000ffd30003
                 160	2 - FCL_0007fffdfff7fff9
                 160	3 - FCL_ffff00380005000e
                 160	4 - FCL_ffe7ffe1fffb0017
                 160	5 - FCL_0023fff3fff50018
                 160	6 - FCL_000cfffafff7fff3
                 160	7 - FCL_ffd6ffeb0036ffee
                 160	8 - FCL_00070001001a0032
                 160	9 - FCL_ff91000ffffe0000
                 160	10 - FCL_00050005fffb0009
                 160	11 - FCL_ffef0013fffafff2
                 160	12 - FCL_001dfffeffe4fffd
                 160	13 - FCL_000e000200040001
                 160	14 - FCL_fff70004002d0003
                 160	15 - FCL_fffdfff70005000e

LINE_number = 473

                 160	0 - FCL_0009ffe9000dffff
                 160	1 - FCL_0000003e00210001
                 160	2 - FCL_000600070007000e
                 160	3 - FCL_00070050001dfff7
                 160	4 - FCL_0010fffbffe50001
                 160	5 - FCL_ffdafff2fffc0003
                 160	6 - FCL_ffe4fffffffdfffb
                 160	7 - FCL_003900190018ffce
                 160	8 - FCL_000e0030fffdffc5
                 160	9 - FCL_0005001600270005
                 160	10 - FCL_fffc000b00200018
                 160	11 - FCL_ffd80030000a0014
                 160	12 - FCL_0017ffd8fff0000d
                 160	13 - FCL_ffe4000600170016
                 160	14 - FCL_000b0023ffff0027
                 160	15 - FCL_000900090008ffe2

LINE_number = 474

                 160	0 - FCL_001dffe70026000b
                 160	1 - FCL_0025fffb000affd3
                 160	2 - FCL_ffe40024000f0005
                 160	3 - FCL_001a0023ffc3001e
                 160	4 - FCL_fff3fff0000a0011
                 160	5 - FCL_0036fff0fffffff3
                 160	6 - FCL_00100000ffce0006
                 160	7 - FCL_00210011ffcf0001
                 160	8 - FCL_fff9ffe5000efff6
                 160	9 - FCL_00100005ffe6ffbc
                 160	10 - FCL_00040005000dfff6
                 160	11 - FCL_000a00050011000a
                 160	12 - FCL_0000000cffcf001b
                 160	13 - FCL_000cffe40001ffe7
                 160	14 - FCL_0007ffcbffe70014
                 160	15 - FCL_0002ffee00080002

LINE_number = 475

                 160	0 - FCL_0012000cffe50006
                 160	1 - FCL_fff60026fff0fff7
                 160	2 - FCL_fff7ffeffffd0026
                 160	3 - FCL_fff60014fff5fff7
                 160	4 - FCL_000dffeffffe0007
                 160	5 - FCL_000d0002ffce0004
                 160	6 - FCL_002fffccfffcfffb
                 160	7 - FCL_fff2fffd00080007
                 160	8 - FCL_000b0002fff20014
                 160	9 - FCL_ffeaffe2fff5002d
                 160	10 - FCL_000f00060013fff1
                 160	11 - FCL_fffb001400000020
                 160	12 - FCL_ffffffef00170012
                 160	13 - FCL_fff9fffe0015fff9
                 160	14 - FCL_fff6ffe8ffd1001e
                 160	15 - FCL_0005002700110018

LINE_number = 476

                 160	0 - FCL_000ffff2fff6ffea
                 160	1 - FCL_0010ffe8ffeb0021
                 160	2 - FCL_00000015ffe3fff3
                 160	3 - FCL_001bffe80007fffc
                 160	4 - FCL_fffbfffafffbffcc
                 160	5 - FCL_fff10015fff5001d
                 160	6 - FCL_fffd0003001c0062
                 160	7 - FCL_0009fff0ffff0005
                 160	8 - FCL_fffefffa0008000c
                 160	9 - FCL_ffeafffeffe7fffd
                 160	10 - FCL_fffcfff5fffd0035
                 160	11 - FCL_ffda0002ffdc0063
                 160	12 - FCL_fffdfff9fff6003f
                 160	13 - FCL_fffdfff40009ffea
                 160	14 - FCL_0001fff5fff4fff4
                 160	15 - FCL_ffe8fff3fff1ffdd

LINE_number = 477

                 160	0 - FCL_000b0018fff80008
                 160	1 - FCL_0010ffecfffc000a
                 160	2 - FCL_0000ffecfffbffea
                 160	3 - FCL_0018ffe4fff40025
                 160	4 - FCL_0014000cfffb0001
                 160	5 - FCL_ffff001100050008
                 160	6 - FCL_fff400090002000b
                 160	7 - FCL_ffccffc1ffcf0018
                 160	8 - FCL_00200007ffe5ffea
                 160	9 - FCL_fffb000affd3000f
                 160	10 - FCL_ffe7fff0fffbffe3
                 160	11 - FCL_000ffff3fff4fffa
                 160	12 - FCL_000f003c00110014
                 160	13 - FCL_fff10018ffe60006
                 160	14 - FCL_fffe00120017fff7
                 160	15 - FCL_ffeefff6ffe5fffe

LINE_number = 478

                 160	0 - FCL_0002fffc00000008
                 160	1 - FCL_001cfffc00180015
                 160	2 - FCL_00160032fffb0007
                 160	3 - FCL_ffd800040017ffef
                 160	4 - FCL_ffe900040023000a
                 160	5 - FCL_fff3000bffc1fff8
                 160	6 - FCL_000effe7fff7ffea
                 160	7 - FCL_ffed000f000a0018
                 160	8 - FCL_fff3fff9ffddffe4
                 160	9 - FCL_ffea001d000f0023
                 160	10 - FCL_00170006fff1ffe4
                 160	11 - FCL_fff9002bffe60004
                 160	12 - FCL_fff5ffe9002d000c
                 160	13 - FCL_fff6fffc00010005
                 160	14 - FCL_002c001b00340006
                 160	15 - FCL_000800150004fff6

LINE_number = 479

                 160	0 - FCL_001efff6ffc6fff5
                 160	1 - FCL_00060003fffcfffb
                 160	2 - FCL_fffcfff5fff30014
                 160	3 - FCL_000e0001ffeafff1
                 160	4 - FCL_000a001dfff4ffcf
                 160	5 - FCL_0016ffe20003000c
                 160	6 - FCL_000dfffafff2fff6
                 160	7 - FCL_fff8ffe4fffaffe6
                 160	8 - FCL_ffd5fffc000cfffb
                 160	9 - FCL_ffe600160003ffe7
                 160	10 - FCL_0039002600010005
                 160	11 - FCL_ffe70004ffe5fffb
                 160	12 - FCL_0004001000080002
                 160	13 - FCL_000700340017fffe
                 160	14 - FCL_fff200090004fff8
                 160	15 - FCL_0006ffe700100011

LINE_number = 480

                 160	0 - FCL_00090007fff70048
                 160	1 - FCL_ffbc00050003ffe6
                 160	2 - FCL_001400030013ffee
                 160	3 - FCL_ffeb0032fffaffe6
                 160	4 - FCL_fff600170008ffd9
                 160	5 - FCL_ffbf000a00010002
                 160	6 - FCL_ffffffd0ffeefff4
                 160	7 - FCL_0016000d0007ffd9
                 160	8 - FCL_fff7fff30021ffb5
                 160	9 - FCL_001cffeb00180002
                 160	10 - FCL_00070007000f0005
                 160	11 - FCL_001ffff6000f0010
                 160	12 - FCL_006500020005ffde
                 160	13 - FCL_000b001efffe0008
                 160	14 - FCL_ffd2000effd5000e
                 160	15 - FCL_0005ffec0015fff5

LINE_number = 481

                 160	0 - FCL_ffe9002cfff30004
                 160	1 - FCL_00170001fffeffe8
                 160	2 - FCL_fff6ffecffdfffcf
                 160	3 - FCL_0009fff80031001f
                 160	4 - FCL_000e0007001ffff6
                 160	5 - FCL_00120009fffcfff0
                 160	6 - FCL_fff200220007000e
                 160	7 - FCL_ffdfffea0008ffe0
                 160	8 - FCL_ffb4ffec0004ffe0
                 160	9 - FCL_0004fffd0006fff9
                 160	10 - FCL_fff20000fff9001d
                 160	11 - FCL_ffe2ffeefff0fff6
                 160	12 - FCL_ffe0fffd000afff1
                 160	13 - FCL_0021000dfff6fff2
                 160	14 - FCL_00100013001c000d
                 160	15 - FCL_0012000200130018

LINE_number = 482

                 160	0 - FCL_000e0022000cffff
                 160	1 - FCL_00020005fffbffcf
                 160	2 - FCL_00130011fff70006
                 160	3 - FCL_00180037000cffd6
                 160	4 - FCL_0000001e00070009
                 160	5 - FCL_0001000dffed0016
                 160	6 - FCL_fff500070031fff1
                 160	7 - FCL_ffe0ffe30016fff4
                 160	8 - FCL_ffe40014fffa0001
                 160	9 - FCL_0009fff20000000e
                 160	10 - FCL_ffff00180003fffd
                 160	11 - FCL_fff5ffeeffe8fff0
                 160	12 - FCL_fff700030010ffdd
                 160	13 - FCL_ffebfff6000b0008
                 160	14 - FCL_000900100005fffb
                 160	15 - FCL_00060019fff2fff4

LINE_number = 483

                 160	0 - FCL_001dfff9ffae0016
                 160	1 - FCL_0000001c00000016
                 160	2 - FCL_000b00230012002a
                 160	3 - FCL_0019000bffe4ffcb
                 160	4 - FCL_fff6fff800160008
                 160	5 - FCL_ffee000700300007
                 160	6 - FCL_fff0000d001cffd0
                 160	7 - FCL_000ffffb0043000e
                 160	8 - FCL_fffffffffffdfff2
                 160	9 - FCL_000b0003000e0025
                 160	10 - FCL_0016fff2fff6002b
                 160	11 - FCL_ffe2ffe4ffe4ffcd
                 160	12 - FCL_00240000fff20043
                 160	13 - FCL_0003fffbfff50014
                 160	14 - FCL_ffc7001700080000
                 160	15 - FCL_0012000dffceffee

LINE_number = 484

                 160	0 - FCL_0000fffdffe70022
                 160	1 - FCL_ffe50010002afff4
                 160	2 - FCL_ffd10007003cffce
                 160	3 - FCL_00150011fff4fffa
                 160	4 - FCL_0005ffee004bffe3
                 160	5 - FCL_0012fff80014fff8
                 160	6 - FCL_fffe000cfff7fffe
                 160	7 - FCL_00180001000b0002
                 160	8 - FCL_00080035000affce
                 160	9 - FCL_0009fff40012fffb
                 160	10 - FCL_001affe9ffef0005
                 160	11 - FCL_ffff0029ffecffd0
                 160	12 - FCL_0008fff1fff3fffc
                 160	13 - FCL_fff6000bfff0fffe
                 160	14 - FCL_fff6001efffbffff
                 160	15 - FCL_ffef0018002effdf

LINE_number = 485

                 160	0 - FCL_0017ffcb0056001c
                 160	1 - FCL_fff90009ffe4ffea
                 160	2 - FCL_ffd7ffe7fff00018
                 160	3 - FCL_ffc8002c0033ffaa
                 160	4 - FCL_fffb000efff9ffd9
                 160	5 - FCL_0011002e0002ffdf
                 160	6 - FCL_001e001f001b003a
                 160	7 - FCL_0031001c0007ffed
                 160	8 - FCL_002f0036fff6000f
                 160	9 - FCL_ffe70006ffbffff8
                 160	10 - FCL_ffda0014ffff0034
                 160	11 - FCL_fff4000c000efff7
                 160	12 - FCL_fffbffd80020ffdd
                 160	13 - FCL_ffecffca0000fff8
                 160	14 - FCL_fff7ffe7ffb5ffda
                 160	15 - FCL_fff5ffaa00080060

LINE_number = 486

                 160	0 - FCL_0013fffdfff4fff5
                 160	1 - FCL_0027ffd8ffe60008
                 160	2 - FCL_000bffeeffec0017
                 160	3 - FCL_0001ffe90014fff3
                 160	4 - FCL_0002fffa0014ffbc
                 160	5 - FCL_0017ffe8ffdd0043
                 160	6 - FCL_ffecfffc0016ffee
                 160	7 - FCL_ffec00360006fff9
                 160	8 - FCL_001fffcb002c0019
                 160	9 - FCL_fff80008ffde000e
                 160	10 - FCL_fff9fffc002a002c
                 160	11 - FCL_0011ffe9fff4ffec
                 160	12 - FCL_fff60046001c0035
                 160	13 - FCL_ffe6003bffd9ffef
                 160	14 - FCL_ffde0006ffe00022
                 160	15 - FCL_ffdbfffe00140025

LINE_number = 487

                 160	0 - FCL_0000fff900500026
                 160	1 - FCL_ffe7ffd0fff70001
                 160	2 - FCL_0013fff30043ffb4
                 160	3 - FCL_ffe20002ffe2ffe0
                 160	4 - FCL_ffeaffb8ffff0048
                 160	5 - FCL_0036002a00000052
                 160	6 - FCL_ffe7fffc0002ffdf
                 160	7 - FCL_00020025fffb0006
                 160	8 - FCL_ffc3001efff60038
                 160	9 - FCL_0008ffb2fff3fff0
                 160	10 - FCL_ffeb002dfffeffff
                 160	11 - FCL_fff8000200050036
                 160	12 - FCL_fff5fffb0019ffd5
                 160	13 - FCL_fff7ffaf0013fffc
                 160	14 - FCL_ffed0000fff50018
                 160	15 - FCL_fffc00090024fff5

LINE_number = 488

                 160	0 - FCL_0014ffe0000e0028
                 160	1 - FCL_00440002004b0029
                 160	2 - FCL_ffed000d0028fffa
                 160	3 - FCL_0023ffcb003d0029
                 160	4 - FCL_ffc8004300120026
                 160	5 - FCL_fff50017000dffec
                 160	6 - FCL_fffafff2fff70011
                 160	7 - FCL_000fffd4ffe5ffec
                 160	8 - FCL_000e001000020004
                 160	9 - FCL_fff2ffe8fff00027
                 160	10 - FCL_fffaffe8fff9fff0
                 160	11 - FCL_fff3ffdc000d0006
                 160	12 - FCL_ffe70002002b0017
                 160	13 - FCL_ffd5fff80005000a
                 160	14 - FCL_0002ffe6004d000c
                 160	15 - FCL_0032ffea0000fff1

LINE_number = 489

                 160	0 - FCL_ffff0039fff0ffe4
                 160	1 - FCL_fff1ffd8ffbcffda
                 160	2 - FCL_001c001dffc4fff4
                 160	3 - FCL_001a00230001002b
                 160	4 - FCL_ffa1fffaffc8ffdc
                 160	5 - FCL_0009ffdf00000002
                 160	6 - FCL_fffefff6ffe8ffeb
                 160	7 - FCL_ffe5fffb001d002d
                 160	8 - FCL_005effebffddffea
                 160	9 - FCL_000effdbffcd0007
                 160	10 - FCL_ffe9fffcfff2fff9
                 160	11 - FCL_000e0036fff9fffc
                 160	12 - FCL_00150016ffeeffd4
                 160	13 - FCL_ffed000a002b0003
                 160	14 - FCL_ffdd000effeeffd5
                 160	15 - FCL_ffd2fffe00300001

LINE_number = 490

                 160	0 - FCL_0006ffdb00200003
                 160	1 - FCL_ffe500090000004d
                 160	2 - FCL_fff2fff8fffbfffe
                 160	3 - FCL_0011000c0019fffa
                 160	4 - FCL_00060022ffe5000b
                 160	5 - FCL_ffe1ffd00017ffdf
                 160	6 - FCL_fffc0008ffe0ffc9
                 160	7 - FCL_00010012ffd1fff9
                 160	8 - FCL_001f001dffecffc4
                 160	9 - FCL_00380031ffe0ffe2
                 160	10 - FCL_000d0002002affed
                 160	11 - FCL_0014ffd0ffd1001f
                 160	12 - FCL_ffda0007fffc0004
                 160	13 - FCL_0005fff8fff4001b
                 160	14 - FCL_ffe4ffd20026ffff
                 160	15 - FCL_00410050000e0025

LINE_number = 491

                 160	0 - FCL_ffef001bffc7fffa
                 160	1 - FCL_000dffe4ffe30018
                 160	2 - FCL_002200000014ffcf
                 160	3 - FCL_ffebffe90049ffe7
                 160	4 - FCL_000a0019ffd8ffbd
                 160	5 - FCL_ffd80033002a0005
                 160	6 - FCL_ffca0012fff9ffd5
                 160	7 - FCL_00050022fff7fff7
                 160	8 - FCL_fffafff7ffdc0014
                 160	9 - FCL_0017002dfff00011
                 160	10 - FCL_00080005fffa0019
                 160	11 - FCL_ffdb003dffe60004
                 160	12 - FCL_000500170010ffd9
                 160	13 - FCL_0013ffecffe00003
                 160	14 - FCL_ffec0014000dffee
                 160	15 - FCL_fff0fffd0025ffd5

LINE_number = 492

                 160	0 - FCL_fff7000effe60007
                 160	1 - FCL_ffdeffee0020004f
                 160	2 - FCL_003c0015ffe7ffdd
                 160	3 - FCL_0013fff3fffafff7
                 160	4 - FCL_004bfff60027ffa0
                 160	5 - FCL_00000001ffe3ffbf
                 160	6 - FCL_ffdb0003fff6fff4
                 160	7 - FCL_001600300001000e
                 160	8 - FCL_fffd00060003000d
                 160	9 - FCL_ffdbfffafffcfff7
                 160	10 - FCL_0030ffe80005fff0
                 160	11 - FCL_001d0003000e0008
                 160	12 - FCL_000cffed0009ffd4
                 160	13 - FCL_fffb00290028001e
                 160	14 - FCL_ffe7000dfff1ffeb
                 160	15 - FCL_001ffff4ffecffe2
env_test_end
2
3
4
5
6
7
8
9
10
11
12
13
14
15
16
17
18
19
20
21
22
23
24
25
26
27
28
29
30
31
32
33
34
35
36
37
38
39
40
41
42
43
44
45
46
47
48
49
50
51
52
53
54
55
56
57
58
59
60
61
62
63
64
65
66
67
68
69
70
71
72
73
74
75
76
77
78
79
80
81
82
83
84
85
86
87
88
89
90
91
92
93
94
95
96
97
98
99
100
101
102
103
104
105
106
107
108
109
110
111
112
113
114
115
116
117
118
119
120
121
122
123
124
125
126
127
128
129
130
131
132
133
134
135
136
137
138
139
140
141
142
143
144
145
146
147
148
149
150
151
152
153
154
155
156
157
158
159
160
161
162
163
164
165
166
167
168
169
170
171
172
173
174
175
176
177
178
179
180
181
182
183
184
185
186
187
188
189
190
191
192
193
194
195
196
197
198
199
200
201
202
203
204
205
206
207
208
209
210
211
212
213
214
215
216
217
218
219
220
221
222
223
224
225
226
227
228
229
230
231
232
233
234
235
236
237
238
239
240
241
242
243
244
245
246
247
248
249
250
251
252
253
254
255
256
257
258
259
260
261
262
263
264
265
266
267
268
269
270
271
272
273
274
275
276
277
278
279
280
281
282
283
284
285
286
287
288
289
290
291
292
293
294
295
296
297
298
299
300
301
302
303
304
305
306
307
308
309
310
311
312
313
314
315
316
317
318
319
320
321
322
323
324
325
326
327
328
329
330
331
332
333
334
335
336
337
338
339
340
341
342
343
344
345
346
347
348
349
350
351
352
353
354
355
356
357
358
359
360
361
362
363
364
365
366
367
368
369
370
371
372
373
374
375
376
377
378
379
380
381
382
383
384
385
386
387
388
389
390
391
392
393
394
395
396
397
398
399
400
401
402
403
404
405
406
407
408
409
410
411
412
413
414
415
416
417
418
419
420
421
422
423
424
425
426
427
428
429
430
431
432
433
434
435
436
437
438
439
440
441
442
443
444
445
446
447
448
449
450
451
452
453
454
455
456
457
458
459
460
461
462
463
464
465
466
467
468
469
470
471
472
473
474
475
476
477
478
479
480
481
482
483
484
485
486
487
488
489
490
491
492
493
494
495
496
497
498
499
500
501
502
503
504
505
506
507
508
509
510
511
512
513
514
515
516
517
518
519
520
521
522
523
524
525
526
527
528
529
530
531
532
533
534
535
536
537
538
539
540
541
542
543
544
545
546
547
548
549
550
551
552
553
554
555
556
557
558
559
560
561
562
563
564
565
566
567
568
569
570
571
572
573
574
575
576
577
578
579
580
581
582
583
584
585
586
587
588
589
590
591
592
593
594
595
596
597
598
599
600
601
602
603
604
605
606
607
608
609
610
611
612
613
614
615
616
617
618
619
620
621
622
623
624
625
626
627
628
629
630
631
632
633
634
635
636
637
638
639
640
641
642
643
644
645
646
647
648
649
650
651
652
653
654
655
656
657
658
659
660
661
662
663
664
665
666
667
668
669
670
671
672
673
674
675
676
677
678
679
680
681
682
683
684
685
686
687
688
689
690
691
692
693
694
695
696
697
698
699
700
701
702
703
704
705
706
707
708
709
710
711
712
713
714
715
716
717
718
719
720
721
722
723
724
725
726
727
728
729
730
731
732
733
734
735
736
737
738
739
740
741
742
743
744
745
746
747
748
749
750
751
752
753
754
755
756
757
758
759
760
761
762
763
764
765
766
767
768
769
770
771
772
773
774
775
776
777
778
779
780
781
782
783
784
785
786
787
788
789
790
791
792
793
794
795
796
797
798
799
800
801
802
803
804
805
806
807
808
809
810
811
812
813
814
815
816
817
818
819
820
821
822
823
824
825
826
827
828
829
830
831
832
833
834
835
836
837
838
839
840
841
842
843
844
845
846
847
848
849
850
851
852
853
854
855
856
857
858
859
860
861
862
863
864
865
866
867
868
869
870
871
872
873
874
875
876
877
878
879
880
881
882
883
884
885
886
887
888
889
890
891
892
893
894
895
896
897
898
899
900
901
902
903
904
905
906
907
908
909
910
911
912
913
914
915
916
917
918
919
920
921
922
923
924
925
tb_finished
$finish called from file "/home/kkh/AIDC/22.08.02_CORE_ENGINE/RTL/sim/..//sim/tb/TestBench.sv", line 32.
$finish at simulation time            148150000
Simulation complete, time is 148150000 ps.
TestBench.sv, 32 :         $finish;    
           V C S   S i m u l a t i o n   R e p o r t 
Time: 148150000 ps
CPU Time:      0.330 seconds;       Data structure size:   0.2Mb
Wed Sep  7 00:33:52 2022
debExit
